24-Jul-2021 16:34:13.779 INFO [main] org.apache.catalina.startup.VersionLoggerListener.log Nombre de la versión del servidor:   Apache Tomcat/9.0.34

24-Jul-2021 16:34:13.784 INFO [main] org.apache.catalina.startup.VersionLoggerListener.log Server built:          Apr 3 2020 12:02:52 UTC
24-Jul-2021 16:34:13.785 INFO [main] org.apache.catalina.startup.VersionLoggerListener.log Número de versión de servidor:         9.0.34.0
24-Jul-2021 16:34:13.785 INFO [main] org.apache.catalina.startup.VersionLoggerListener.log OS Name:               Windows 10
24-Jul-2021 16:34:13.785 INFO [main] org.apache.catalina.startup.VersionLoggerListener.log Versión de Systema Operativo:      10.0

24-Jul-2021 16:34:13.785 INFO [main] org.apache.catalina.startup.VersionLoggerListener.log Arquitectura:          amd64

24-Jul-2021 16:34:13.785 INFO [main] org.apache.catalina.startup.VersionLoggerListener.log Java Home:             C:\Program Files\Java\jdk-11.0.7
24-Jul-2021 16:34:13.785 INFO [main] org.apache.catalina.startup.VersionLoggerListener.log JVM Version:           11.0.7+8-LTS
24-Jul-2021 16:34:13.785 INFO [main] org.apache.catalina.startup.VersionLoggerListener.log Vededor JVM:     Oracle Corporation
24-Jul-2021 16:34:13.785 INFO [main] org.apache.catalina.startup.VersionLoggerListener.log CATALINA_BASE:         C:\Users\Max'\Desktop\carritocompras-master\apache-tomcat-9.0.34
24-Jul-2021 16:34:13.786 INFO [main] org.apache.catalina.startup.VersionLoggerListener.log CATALINA_HOME:         C:\Users\Max'\Desktop\carritocompras-master\apache-tomcat-9.0.34
24-Jul-2021 16:34:13.820 INFO [main] org.apache.catalina.startup.VersionLoggerListener.log Command line argument: --add-opens=java.base/java.lang=ALL-UNNAMED
24-Jul-2021 16:34:13.821 INFO [main] org.apache.catalina.startup.VersionLoggerListener.log Command line argument: --add-opens=java.base/java.io=ALL-UNNAMED
24-Jul-2021 16:34:13.821 INFO [main] org.apache.catalina.startup.VersionLoggerListener.log Command line argument: --add-opens=java.rmi/sun.rmi.transport=ALL-UNNAMED
24-Jul-2021 16:34:13.821 INFO [main] org.apache.catalina.startup.VersionLoggerListener.log Command line argument: -Djava.util.logging.config.file=C:\Users\Max'\Desktop\carritocompras-master\apache-tomcat-9.0.34\conf\logging.properties
24-Jul-2021 16:34:13.821 INFO [main] org.apache.catalina.startup.VersionLoggerListener.log Command line argument: -Djava.util.logging.manager=org.apache.juli.ClassLoaderLogManager
24-Jul-2021 16:34:13.821 INFO [main] org.apache.catalina.startup.VersionLoggerListener.log Command line argument: -Dhttp.nonProxyHosts=localhost|127.0.0.1|DESKTOP-0QLVL0S
24-Jul-2021 16:34:13.821 INFO [main] org.apache.catalina.startup.VersionLoggerListener.log Command line argument: -Djdk.tls.ephemeralDHKeySize=2048
24-Jul-2021 16:34:13.821 INFO [main] org.apache.catalina.startup.VersionLoggerListener.log Command line argument: -Djava.protocol.handler.pkgs=org.apache.catalina.webresources
24-Jul-2021 16:34:13.822 INFO [main] org.apache.catalina.startup.VersionLoggerListener.log Command line argument: -Dignore.endorsed.dirs=
24-Jul-2021 16:34:13.822 INFO [main] org.apache.catalina.startup.VersionLoggerListener.log Command line argument: -Dcatalina.base=C:\Users\Max'\Desktop\carritocompras-master\apache-tomcat-9.0.34
24-Jul-2021 16:34:13.822 INFO [main] org.apache.catalina.startup.VersionLoggerListener.log Command line argument: -Dcatalina.home=C:\Users\Max'\Desktop\carritocompras-master\apache-tomcat-9.0.34
24-Jul-2021 16:34:13.822 INFO [main] org.apache.catalina.startup.VersionLoggerListener.log Command line argument: -Djava.io.tmpdir=C:\Users\Max'\Desktop\carritocompras-master\apache-tomcat-9.0.34\temp
24-Jul-2021 16:34:13.822 INFO [main] org.apache.catalina.core.AprLifecycleListener.lifecycleEvent Cargada la biblioteca nativa APR de Apache Tomcat [1.2.23] con la versión APR [1.7.0].
24-Jul-2021 16:34:13.822 INFO [main] org.apache.catalina.core.AprLifecycleListener.lifecycleEvent Capacidades APR: IPv6 [true], enviar fichero [true], aceptar filtros [false], aleatorio [true].
24-Jul-2021 16:34:13.822 INFO [main] org.apache.catalina.core.AprLifecycleListener.lifecycleEvent APR/OpenSSL configuration: useAprConnector [false], useOpenSSL [true]
24-Jul-2021 16:34:13.971 INFO [main] org.apache.catalina.core.AprLifecycleListener.initializeSSL OpenSSL inicializado correctamente [OpenSSL 1.1.1c  28 May 2019]
24-Jul-2021 16:34:14.342 INFO [main] org.apache.coyote.AbstractProtocol.init Inicializando el manejador de protocolo ["http-nio-8081"]

24-Jul-2021 16:34:14.593 INFO [main] org.apache.catalina.startup.Catalina.load Server initialization in [1.302] milliseconds
24-Jul-2021 16:34:14.710 INFO [main] org.apache.catalina.core.StandardService.startInternal Arrancando servicio [Catalina]
24-Jul-2021 16:34:14.710 INFO [main] org.apache.catalina.core.StandardEngine.startInternal Starting Servlet engine: [Apache Tomcat/9.0.34]
24-Jul-2021 16:34:14.748 INFO [main] org.apache.catalina.startup.HostConfig.deployDescriptor Desplieque del descriptor de configuración [C:\Users\Max'\Desktop\carritocompras-master\apache-tomcat-9.0.34\conf\Catalina\localhost\InicioSesion.xml]
24-Jul-2021 16:34:14.783 WARNING [main] org.apache.catalina.startup.HostConfig.deployDescriptor The path attribute with value [/InicioSesion] in deployment descriptor [C:\Users\Max'\Desktop\carritocompras-master\apache-tomcat-9.0.34\conf\Catalina\localhost\InicioSesion.xml] has been ignored
24-Jul-2021 16:34:14.832 WARNING [main] org.apache.catalina.startup.SetContextPropertiesRule.begin [SetContextPropertiesRule]{Context} Setting property 'antiJARLocking' to 'true' did not find a matching property.
24-Jul-2021 16:34:16.353 INFO [main] org.apache.jasper.servlet.TldScanner.scanJars Al menos un JAR, que se ha explorado buscando TLDs, aún no contenía TLDs. Activar historial de depuración para este historiador para una completa lista de los JARs que fueron explorados y de los que nos se halló TLDs. Saltarse JARs no necesarios durante la exploración puede dar lugar a una mejora de tiempo significativa en el arranque y compilación de JSP .
24-Jul-2021 16:34:16.723 WARNING [main] org.apache.catalina.util.SessionIdGeneratorBase.createSecureRandom Creation of SecureRandom instance for session ID generation using [SHA1PRNG] took [294] milliseconds.
24-Jul-2021 16:34:16.824 INFO [main] org.apache.catalina.startup.HostConfig.deployDescriptor Deployment of deployment descriptor [C:\Users\Max'\Desktop\carritocompras-master\apache-tomcat-9.0.34\conf\Catalina\localhost\InicioSesion.xml] has finished in [2.076] ms
24-Jul-2021 16:34:16.826 INFO [main] org.apache.catalina.startup.HostConfig.deployDirectory Desplegando el directorio [C:\Users\Max'\Desktop\carritocompras-master\apache-tomcat-9.0.34\webapps\docs] de la aplicación web
24-Jul-2021 16:34:17.002 INFO [main] org.apache.catalina.startup.HostConfig.deployDirectory Deployment of web application directory [C:\Users\Max'\Desktop\carritocompras-master\apache-tomcat-9.0.34\webapps\docs] has finished in [176] ms
24-Jul-2021 16:34:17.003 INFO [main] org.apache.catalina.startup.HostConfig.deployDirectory Desplegando el directorio [C:\Users\Max'\Desktop\carritocompras-master\apache-tomcat-9.0.34\webapps\examples] de la aplicación web
24-Jul-2021 16:34:18.450 INFO [main] org.apache.catalina.startup.HostConfig.deployDirectory Deployment of web application directory [C:\Users\Max'\Desktop\carritocompras-master\apache-tomcat-9.0.34\webapps\examples] has finished in [1.447] ms
24-Jul-2021 16:34:18.451 INFO [main] org.apache.catalina.startup.HostConfig.deployDirectory Desplegando el directorio [C:\Users\Max'\Desktop\carritocompras-master\apache-tomcat-9.0.34\webapps\host-manager] de la aplicación web
24-Jul-2021 16:34:18.559 INFO [main] org.apache.catalina.startup.HostConfig.deployDirectory Deployment of web application directory [C:\Users\Max'\Desktop\carritocompras-master\apache-tomcat-9.0.34\webapps\host-manager] has finished in [107] ms
24-Jul-2021 16:34:18.559 INFO [main] org.apache.catalina.startup.HostConfig.deployDirectory Desplegando el directorio [C:\Users\Max'\Desktop\carritocompras-master\apache-tomcat-9.0.34\webapps\manager] de la aplicación web
24-Jul-2021 16:34:18.636 INFO [main] org.apache.catalina.startup.HostConfig.deployDirectory Deployment of web application directory [C:\Users\Max'\Desktop\carritocompras-master\apache-tomcat-9.0.34\webapps\manager] has finished in [77] ms
24-Jul-2021 16:34:18.637 INFO [main] org.apache.catalina.startup.HostConfig.deployDirectory Desplegando el directorio [C:\Users\Max'\Desktop\carritocompras-master\apache-tomcat-9.0.34\webapps\ROOT] de la aplicación web
24-Jul-2021 16:34:18.705 INFO [main] org.apache.catalina.startup.HostConfig.deployDirectory Deployment of web application directory [C:\Users\Max'\Desktop\carritocompras-master\apache-tomcat-9.0.34\webapps\ROOT] has finished in [68] ms
24-Jul-2021 16:34:18.721 INFO [main] org.apache.coyote.AbstractProtocol.start Starting ProtocolHandler ["http-nio-8081"]
24-Jul-2021 16:34:18.739 INFO [main] org.apache.catalina.startup.Catalina.start Server startup in [4.145] milliseconds
24-Jul-2021 19:07:48.949 INFO [main] org.apache.catalina.core.StandardServer.await Se ha recibido un comando de apagado a través del puerto de apagado. Parando la instancia del Servidor.
24-Jul-2021 19:07:48.985 INFO [main] org.apache.coyote.AbstractProtocol.pause Pausing ProtocolHandler ["http-nio-8081"]
24-Jul-2021 19:07:49.212 INFO [main] org.apache.catalina.core.StandardService.stopInternal Parando servicio [Catalina]
24-Jul-2021 19:07:49.504 WARNING [main] org.apache.catalina.loader.WebappClassLoaderBase.clearReferencesJdbc La aplicación web [InicioSesion] registró el conductor JDBC [com.mysql.cj.jdbc.Driver] pero falló al anular el registro mientras la aplicación web estaba parada. Para prevenir un fallo de memoria, se ha anulado el registro del conductor JDBC por la fuerza.
24-Jul-2021 19:07:49.505 WARNING [main] org.apache.catalina.loader.WebappClassLoaderBase.clearReferencesThreads The web application [InicioSesion] appears to have started a thread named [Abandoned connection cleanup thread] but has failed to stop it. This is very likely to create a memory leak. Stack trace of thread:
 java.base@11.0.7/java.lang.Object.wait(Native Method)
 java.base@11.0.7/java.lang.ref.ReferenceQueue.remove(ReferenceQueue.java:155)
 com.mysql.cj.jdbc.AbandonedConnectionCleanupThread.run(AbandonedConnectionCleanupThread.java:70)
 java.base@11.0.7/java.util.concurrent.ThreadPoolExecutor.runWorker(ThreadPoolExecutor.java:1128)
 java.base@11.0.7/java.util.concurrent.ThreadPoolExecutor$Worker.run(ThreadPoolExecutor.java:628)
 java.base@11.0.7/java.lang.Thread.run(Thread.java:834)
24-Jul-2021 19:07:49.515 INFO [main] org.apache.coyote.AbstractProtocol.stop Stopping ProtocolHandler ["http-nio-8081"]
24-Jul-2021 19:07:49.520 INFO [main] org.apache.coyote.AbstractProtocol.destroy Destroying ProtocolHandler ["http-nio-8081"]
