26-Jul-2021 15:36:09.065 INFO [main] org.apache.catalina.startup.VersionLoggerListener.log Nombre de la versión del servidor:   Apache Tomcat/9.0.34

26-Jul-2021 15:36:09.072 INFO [main] org.apache.catalina.startup.VersionLoggerListener.log Server built:          Apr 3 2020 12:02:52 UTC
26-Jul-2021 15:36:09.073 INFO [main] org.apache.catalina.startup.VersionLoggerListener.log Número de versión de servidor:         9.0.34.0
26-Jul-2021 15:36:09.073 INFO [main] org.apache.catalina.startup.VersionLoggerListener.log OS Name:               Windows 10
26-Jul-2021 15:36:09.073 INFO [main] org.apache.catalina.startup.VersionLoggerListener.log Versión de Systema Operativo:      10.0

26-Jul-2021 15:36:09.073 INFO [main] org.apache.catalina.startup.VersionLoggerListener.log Arquitectura:          amd64

26-Jul-2021 15:36:09.073 INFO [main] org.apache.catalina.startup.VersionLoggerListener.log Java Home:             C:\Program Files\Java\jdk-11.0.7
26-Jul-2021 15:36:09.073 INFO [main] org.apache.catalina.startup.VersionLoggerListener.log JVM Version:           11.0.7+8-LTS
26-Jul-2021 15:36:09.073 INFO [main] org.apache.catalina.startup.VersionLoggerListener.log Vededor JVM:     Oracle Corporation
26-Jul-2021 15:36:09.073 INFO [main] org.apache.catalina.startup.VersionLoggerListener.log CATALINA_BASE:         C:\Users\Max'\Desktop\carritocompras_prueba\apache-tomcat-9.0.34
26-Jul-2021 15:36:09.073 INFO [main] org.apache.catalina.startup.VersionLoggerListener.log CATALINA_HOME:         C:\Users\Max'\Desktop\carritocompras_prueba\apache-tomcat-9.0.34
26-Jul-2021 15:36:09.095 INFO [main] org.apache.catalina.startup.VersionLoggerListener.log Command line argument: --add-opens=java.base/java.lang=ALL-UNNAMED
26-Jul-2021 15:36:09.096 INFO [main] org.apache.catalina.startup.VersionLoggerListener.log Command line argument: --add-opens=java.base/java.io=ALL-UNNAMED
26-Jul-2021 15:36:09.096 INFO [main] org.apache.catalina.startup.VersionLoggerListener.log Command line argument: --add-opens=java.rmi/sun.rmi.transport=ALL-UNNAMED
26-Jul-2021 15:36:09.096 INFO [main] org.apache.catalina.startup.VersionLoggerListener.log Command line argument: -Djava.util.logging.config.file=C:\Users\Max'\Desktop\carritocompras_prueba\apache-tomcat-9.0.34\conf\logging.properties
26-Jul-2021 15:36:09.096 INFO [main] org.apache.catalina.startup.VersionLoggerListener.log Command line argument: -Djava.util.logging.manager=org.apache.juli.ClassLoaderLogManager
26-Jul-2021 15:36:09.096 INFO [main] org.apache.catalina.startup.VersionLoggerListener.log Command line argument: -Dhttp.nonProxyHosts=localhost|127.0.0.1|DESKTOP-0QLVL0S
26-Jul-2021 15:36:09.096 INFO [main] org.apache.catalina.startup.VersionLoggerListener.log Command line argument: -Djdk.tls.ephemeralDHKeySize=2048
26-Jul-2021 15:36:09.096 INFO [main] org.apache.catalina.startup.VersionLoggerListener.log Command line argument: -Djava.protocol.handler.pkgs=org.apache.catalina.webresources
26-Jul-2021 15:36:09.097 INFO [main] org.apache.catalina.startup.VersionLoggerListener.log Command line argument: -Dignore.endorsed.dirs=
26-Jul-2021 15:36:09.097 INFO [main] org.apache.catalina.startup.VersionLoggerListener.log Command line argument: -Dcatalina.base=C:\Users\Max'\Desktop\carritocompras_prueba\apache-tomcat-9.0.34
26-Jul-2021 15:36:09.097 INFO [main] org.apache.catalina.startup.VersionLoggerListener.log Command line argument: -Dcatalina.home=C:\Users\Max'\Desktop\carritocompras_prueba\apache-tomcat-9.0.34
26-Jul-2021 15:36:09.097 INFO [main] org.apache.catalina.startup.VersionLoggerListener.log Command line argument: -Djava.io.tmpdir=C:\Users\Max'\Desktop\carritocompras_prueba\apache-tomcat-9.0.34\temp
26-Jul-2021 15:36:09.097 INFO [main] org.apache.catalina.core.AprLifecycleListener.lifecycleEvent Cargada la biblioteca nativa APR de Apache Tomcat [1.2.23] con la versión APR [1.7.0].
26-Jul-2021 15:36:09.097 INFO [main] org.apache.catalina.core.AprLifecycleListener.lifecycleEvent Capacidades APR: IPv6 [true], enviar fichero [true], aceptar filtros [false], aleatorio [true].
26-Jul-2021 15:36:09.097 INFO [main] org.apache.catalina.core.AprLifecycleListener.lifecycleEvent APR/OpenSSL configuration: useAprConnector [false], useOpenSSL [true]
26-Jul-2021 15:36:09.169 INFO [main] org.apache.catalina.core.AprLifecycleListener.initializeSSL OpenSSL inicializado correctamente [OpenSSL 1.1.1c  28 May 2019]
26-Jul-2021 15:36:09.987 INFO [main] org.apache.coyote.AbstractProtocol.init Inicializando el manejador de protocolo ["http-nio-8081"]

26-Jul-2021 15:36:10.317 INFO [main] org.apache.catalina.startup.Catalina.load Server initialization in [1.684] milliseconds
26-Jul-2021 15:36:10.497 INFO [main] org.apache.catalina.core.StandardService.startInternal Arrancando servicio [Catalina]
26-Jul-2021 15:36:10.498 INFO [main] org.apache.catalina.core.StandardEngine.startInternal Starting Servlet engine: [Apache Tomcat/9.0.34]
26-Jul-2021 15:36:10.515 INFO [main] org.apache.catalina.startup.HostConfig.deployDescriptor Desplieque del descriptor de configuración [C:\Users\Max'\Desktop\carritocompras_prueba\apache-tomcat-9.0.34\conf\Catalina\localhost\InicioSesion.xml]
26-Jul-2021 15:36:10.546 WARNING [main] org.apache.catalina.startup.HostConfig.deployDescriptor The path attribute with value [/InicioSesion] in deployment descriptor [C:\Users\Max'\Desktop\carritocompras_prueba\apache-tomcat-9.0.34\conf\Catalina\localhost\InicioSesion.xml] has been ignored
26-Jul-2021 15:36:10.640 WARNING [main] org.apache.catalina.startup.SetContextPropertiesRule.begin [SetContextPropertiesRule]{Context} Setting property 'antiJARLocking' to 'true' did not find a matching property.
26-Jul-2021 15:36:10.770 SEVERE [main] org.apache.catalina.startup.HostConfig.deployDescriptor Error durante el despliegue del descriptor de configuración [C:\Users\Max'\Desktop\carritocompras_prueba\apache-tomcat-9.0.34\conf\Catalina\localhost\InicioSesion.xml]
	java.lang.IllegalStateException: Error starting child
		at org.apache.catalina.core.ContainerBase.addChildInternal(ContainerBase.java:720)
		at org.apache.catalina.core.ContainerBase.addChild(ContainerBase.java:690)
		at org.apache.catalina.core.StandardHost.addChild(StandardHost.java:705)
		at org.apache.catalina.startup.HostConfig.deployDescriptor(HostConfig.java:631)
		at org.apache.catalina.startup.HostConfig$DeployDescriptor.run(HostConfig.java:1831)
		at java.base/java.util.concurrent.Executors$RunnableAdapter.call(Executors.java:515)
		at java.base/java.util.concurrent.FutureTask.run(FutureTask.java:264)
		at org.apache.tomcat.util.threads.InlineExecutorService.execute(InlineExecutorService.java:75)
		at java.base/java.util.concurrent.AbstractExecutorService.submit(AbstractExecutorService.java:118)
		at org.apache.catalina.startup.HostConfig.deployDescriptors(HostConfig.java:526)
		at org.apache.catalina.startup.HostConfig.deployApps(HostConfig.java:425)
		at org.apache.catalina.startup.HostConfig.start(HostConfig.java:1576)
		at org.apache.catalina.startup.HostConfig.lifecycleEvent(HostConfig.java:309)
		at org.apache.catalina.util.LifecycleBase.fireLifecycleEvent(LifecycleBase.java:123)
		at org.apache.catalina.util.LifecycleBase.setStateInternal(LifecycleBase.java:423)
		at org.apache.catalina.util.LifecycleBase.setState(LifecycleBase.java:366)
		at org.apache.catalina.core.ContainerBase.startInternal(ContainerBase.java:936)
		at org.apache.catalina.core.StandardHost.startInternal(StandardHost.java:841)
		at org.apache.catalina.util.LifecycleBase.start(LifecycleBase.java:183)
		at org.apache.catalina.core.ContainerBase$StartChild.call(ContainerBase.java:1384)
		at org.apache.catalina.core.ContainerBase$StartChild.call(ContainerBase.java:1374)
		at java.base/java.util.concurrent.FutureTask.run(FutureTask.java:264)
		at org.apache.tomcat.util.threads.InlineExecutorService.execute(InlineExecutorService.java:75)
		at java.base/java.util.concurrent.AbstractExecutorService.submit(AbstractExecutorService.java:140)
		at org.apache.catalina.core.ContainerBase.startInternal(ContainerBase.java:909)
		at org.apache.catalina.core.StandardEngine.startInternal(StandardEngine.java:262)
		at org.apache.catalina.util.LifecycleBase.start(LifecycleBase.java:183)
		at org.apache.catalina.core.StandardService.startInternal(StandardService.java:421)
		at org.apache.catalina.util.LifecycleBase.start(LifecycleBase.java:183)
		at org.apache.catalina.core.StandardServer.startInternal(StandardServer.java:930)
		at org.apache.catalina.util.LifecycleBase.start(LifecycleBase.java:183)
		at org.apache.catalina.startup.Catalina.start(Catalina.java:633)
		at java.base/jdk.internal.reflect.NativeMethodAccessorImpl.invoke0(Native Method)
		at java.base/jdk.internal.reflect.NativeMethodAccessorImpl.invoke(NativeMethodAccessorImpl.java:62)
		at java.base/jdk.internal.reflect.DelegatingMethodAccessorImpl.invoke(DelegatingMethodAccessorImpl.java:43)
		at java.base/java.lang.reflect.Method.invoke(Method.java:566)
		at org.apache.catalina.startup.Bootstrap.start(Bootstrap.java:343)
		at org.apache.catalina.startup.Bootstrap.main(Bootstrap.java:474)
	Caused by: org.apache.catalina.LifecycleException: Failed to start component [org.apache.catalina.webresources.StandardRoot@13d9b21f]
		at org.apache.catalina.util.LifecycleBase.handleSubClassException(LifecycleBase.java:440)
		at org.apache.catalina.util.LifecycleBase.start(LifecycleBase.java:198)
		at org.apache.catalina.core.StandardContext.resourcesStart(StandardContext.java:4805)
		at org.apache.catalina.core.StandardContext.startInternal(StandardContext.java:4940)
		at org.apache.catalina.util.LifecycleBase.start(LifecycleBase.java:183)
		at org.apache.catalina.core.ContainerBase.addChildInternal(ContainerBase.java:717)
		... 37 more
	Caused by: java.lang.IllegalArgumentException: The main resource set specified [C:\Users\Max'\Desktop\carritocompras_prueba2\InicioSesion_Prueba\build\web] is not valid
		at org.apache.catalina.webresources.StandardRoot.createMainResourceSet(StandardRoot.java:752)
		at org.apache.catalina.webresources.StandardRoot.startInternal(StandardRoot.java:709)
		at org.apache.catalina.util.LifecycleBase.start(LifecycleBase.java:183)
		... 41 more
26-Jul-2021 15:36:10.776 INFO [main] org.apache.catalina.startup.HostConfig.deployDescriptor Deployment of deployment descriptor [C:\Users\Max'\Desktop\carritocompras_prueba\apache-tomcat-9.0.34\conf\Catalina\localhost\InicioSesion.xml] has finished in [260] ms
26-Jul-2021 15:36:10.777 INFO [main] org.apache.catalina.startup.HostConfig.deployDirectory Desplegando el directorio [C:\Users\Max'\Desktop\carritocompras_prueba\apache-tomcat-9.0.34\webapps\docs] de la aplicación web
26-Jul-2021 15:36:11.572 WARNING [main] org.apache.catalina.util.SessionIdGeneratorBase.createSecureRandom Creation of SecureRandom instance for session ID generation using [SHA1PRNG] took [241] milliseconds.
26-Jul-2021 15:36:11.628 INFO [main] org.apache.catalina.startup.HostConfig.deployDirectory Deployment of web application directory [C:\Users\Max'\Desktop\carritocompras_prueba\apache-tomcat-9.0.34\webapps\docs] has finished in [851] ms
26-Jul-2021 15:36:11.630 INFO [main] org.apache.catalina.startup.HostConfig.deployDirectory Desplegando el directorio [C:\Users\Max'\Desktop\carritocompras_prueba\apache-tomcat-9.0.34\webapps\examples] de la aplicación web
26-Jul-2021 15:36:13.991 INFO [main] org.apache.catalina.startup.HostConfig.deployDirectory Deployment of web application directory [C:\Users\Max'\Desktop\carritocompras_prueba\apache-tomcat-9.0.34\webapps\examples] has finished in [2.362] ms
26-Jul-2021 15:36:13.992 INFO [main] org.apache.catalina.startup.HostConfig.deployDirectory Desplegando el directorio [C:\Users\Max'\Desktop\carritocompras_prueba\apache-tomcat-9.0.34\webapps\host-manager] de la aplicación web
26-Jul-2021 15:36:14.094 INFO [main] org.apache.catalina.startup.HostConfig.deployDirectory Deployment of web application directory [C:\Users\Max'\Desktop\carritocompras_prueba\apache-tomcat-9.0.34\webapps\host-manager] has finished in [102] ms
26-Jul-2021 15:36:14.095 INFO [main] org.apache.catalina.startup.HostConfig.deployDirectory Desplegando el directorio [C:\Users\Max'\Desktop\carritocompras_prueba\apache-tomcat-9.0.34\webapps\manager] de la aplicación web
26-Jul-2021 15:36:14.197 INFO [main] org.apache.catalina.startup.HostConfig.deployDirectory Deployment of web application directory [C:\Users\Max'\Desktop\carritocompras_prueba\apache-tomcat-9.0.34\webapps\manager] has finished in [102] ms
26-Jul-2021 15:36:14.198 INFO [main] org.apache.catalina.startup.HostConfig.deployDirectory Desplegando el directorio [C:\Users\Max'\Desktop\carritocompras_prueba\apache-tomcat-9.0.34\webapps\ROOT] de la aplicación web
26-Jul-2021 15:36:14.248 INFO [main] org.apache.catalina.startup.HostConfig.deployDirectory Deployment of web application directory [C:\Users\Max'\Desktop\carritocompras_prueba\apache-tomcat-9.0.34\webapps\ROOT] has finished in [49] ms
26-Jul-2021 15:36:14.254 INFO [main] org.apache.coyote.AbstractProtocol.start Starting ProtocolHandler ["http-nio-8081"]
26-Jul-2021 15:36:14.268 INFO [main] org.apache.catalina.startup.Catalina.start Server startup in [3.946] milliseconds
26-Jul-2021 15:36:24.023 INFO [http-nio-8081-exec-8] org.apache.catalina.startup.HostConfig.undeploy Repliegue (undeploy) de la aplicación web que tiene como trayectoria de contexto [/InicioSesion]
26-Jul-2021 15:36:24.126 INFO [http-nio-8081-exec-2] org.apache.catalina.startup.HostConfig.deployDescriptor Desplieque del descriptor de configuración [C:\Users\Max'\Desktop\carritocompras_prueba\apache-tomcat-9.0.34\conf\Catalina\localhost\InicioSesion.xml]
26-Jul-2021 15:36:24.128 WARNING [http-nio-8081-exec-2] org.apache.catalina.startup.HostConfig.deployDescriptor The path attribute with value [/InicioSesion] in deployment descriptor [C:\Users\Max'\Desktop\carritocompras_prueba\apache-tomcat-9.0.34\conf\Catalina\localhost\InicioSesion.xml] has been ignored
26-Jul-2021 15:36:24.135 WARNING [http-nio-8081-exec-2] org.apache.catalina.startup.SetContextPropertiesRule.begin [SetContextPropertiesRule]{Context} Setting property 'antiJARLocking' to 'true' did not find a matching property.
26-Jul-2021 15:36:25.042 INFO [http-nio-8081-exec-2] org.apache.jasper.servlet.TldScanner.scanJars Al menos un JAR, que se ha explorado buscando TLDs, aún no contenía TLDs. Activar historial de depuración para este historiador para una completa lista de los JARs que fueron explorados y de los que nos se halló TLDs. Saltarse JARs no necesarios durante la exploración puede dar lugar a una mejora de tiempo significativa en el arranque y compilación de JSP .
26-Jul-2021 15:36:25.057 INFO [http-nio-8081-exec-2] org.apache.catalina.startup.HostConfig.deployDescriptor Deployment of deployment descriptor [C:\Users\Max'\Desktop\carritocompras_prueba\apache-tomcat-9.0.34\conf\Catalina\localhost\InicioSesion.xml] has finished in [930] ms
26-Jul-2021 15:36:25.063 INFO [http-nio-8081-exec-4] org.apache.catalina.util.LifecycleBase.start The start() method was called on component [StandardEngine[Catalina].StandardHost[localhost].StandardContext[/InicioSesion]] after start() had already been called. The second call will be ignored.
26-Jul-2021 15:44:35.524 INFO [main] org.apache.catalina.core.StandardServer.await Se ha recibido un comando de apagado a través del puerto de apagado. Parando la instancia del Servidor.
26-Jul-2021 15:44:35.524 INFO [main] org.apache.coyote.AbstractProtocol.pause Pausing ProtocolHandler ["http-nio-8081"]
26-Jul-2021 15:44:35.694 INFO [main] org.apache.catalina.core.StandardService.stopInternal Parando servicio [Catalina]
26-Jul-2021 15:44:35.767 INFO [main] org.apache.coyote.AbstractProtocol.stop Stopping ProtocolHandler ["http-nio-8081"]
26-Jul-2021 15:44:35.770 INFO [main] org.apache.coyote.AbstractProtocol.destroy Destroying ProtocolHandler ["http-nio-8081"]
