25-Jul-2021 19:26:56.866 INFO [main] org.apache.catalina.startup.VersionLoggerListener.log Nombre de la versión del servidor:   Apache Tomcat/9.0.34

25-Jul-2021 19:26:56.874 INFO [main] org.apache.catalina.startup.VersionLoggerListener.log Server built:          Apr 3 2020 12:02:52 UTC
25-Jul-2021 19:26:56.874 INFO [main] org.apache.catalina.startup.VersionLoggerListener.log Número de versión de servidor:         9.0.34.0
25-Jul-2021 19:26:56.874 INFO [main] org.apache.catalina.startup.VersionLoggerListener.log OS Name:               Windows 10
25-Jul-2021 19:26:56.874 INFO [main] org.apache.catalina.startup.VersionLoggerListener.log Versión de Systema Operativo:      10.0

25-Jul-2021 19:26:56.875 INFO [main] org.apache.catalina.startup.VersionLoggerListener.log Arquitectura:          amd64

25-Jul-2021 19:26:56.875 INFO [main] org.apache.catalina.startup.VersionLoggerListener.log Java Home:             C:\Program Files\Java\jdk-11.0.7
25-Jul-2021 19:26:56.875 INFO [main] org.apache.catalina.startup.VersionLoggerListener.log JVM Version:           11.0.7+8-LTS
25-Jul-2021 19:26:56.875 INFO [main] org.apache.catalina.startup.VersionLoggerListener.log Vededor JVM:     Oracle Corporation
25-Jul-2021 19:26:56.875 INFO [main] org.apache.catalina.startup.VersionLoggerListener.log CATALINA_BASE:         C:\Users\Max'\Desktop\carritocompras-master\apache-tomcat-9.0.34
25-Jul-2021 19:26:56.875 INFO [main] org.apache.catalina.startup.VersionLoggerListener.log CATALINA_HOME:         C:\Users\Max'\Desktop\carritocompras-master\apache-tomcat-9.0.34
25-Jul-2021 19:26:56.890 INFO [main] org.apache.catalina.startup.VersionLoggerListener.log Command line argument: --add-opens=java.base/java.lang=ALL-UNNAMED
25-Jul-2021 19:26:56.891 INFO [main] org.apache.catalina.startup.VersionLoggerListener.log Command line argument: --add-opens=java.base/java.io=ALL-UNNAMED
25-Jul-2021 19:26:56.891 INFO [main] org.apache.catalina.startup.VersionLoggerListener.log Command line argument: --add-opens=java.rmi/sun.rmi.transport=ALL-UNNAMED
25-Jul-2021 19:26:56.891 INFO [main] org.apache.catalina.startup.VersionLoggerListener.log Command line argument: -Djava.util.logging.config.file=C:\Users\Max'\Desktop\carritocompras-master\apache-tomcat-9.0.34\conf\logging.properties
25-Jul-2021 19:26:56.891 INFO [main] org.apache.catalina.startup.VersionLoggerListener.log Command line argument: -Djava.util.logging.manager=org.apache.juli.ClassLoaderLogManager
25-Jul-2021 19:26:56.891 INFO [main] org.apache.catalina.startup.VersionLoggerListener.log Command line argument: -Dhttp.nonProxyHosts=localhost|127.0.0.1|DESKTOP-0QLVL0S
25-Jul-2021 19:26:56.891 INFO [main] org.apache.catalina.startup.VersionLoggerListener.log Command line argument: -Djdk.tls.ephemeralDHKeySize=2048
25-Jul-2021 19:26:56.892 INFO [main] org.apache.catalina.startup.VersionLoggerListener.log Command line argument: -Djava.protocol.handler.pkgs=org.apache.catalina.webresources
25-Jul-2021 19:26:56.892 INFO [main] org.apache.catalina.startup.VersionLoggerListener.log Command line argument: -Dignore.endorsed.dirs=
25-Jul-2021 19:26:56.892 INFO [main] org.apache.catalina.startup.VersionLoggerListener.log Command line argument: -Dcatalina.base=C:\Users\Max'\Desktop\carritocompras-master\apache-tomcat-9.0.34
25-Jul-2021 19:26:56.892 INFO [main] org.apache.catalina.startup.VersionLoggerListener.log Command line argument: -Dcatalina.home=C:\Users\Max'\Desktop\carritocompras-master\apache-tomcat-9.0.34
25-Jul-2021 19:26:56.892 INFO [main] org.apache.catalina.startup.VersionLoggerListener.log Command line argument: -Djava.io.tmpdir=C:\Users\Max'\Desktop\carritocompras-master\apache-tomcat-9.0.34\temp
25-Jul-2021 19:26:56.892 INFO [main] org.apache.catalina.core.AprLifecycleListener.lifecycleEvent Cargada la biblioteca nativa APR de Apache Tomcat [1.2.23] con la versión APR [1.7.0].
25-Jul-2021 19:26:56.892 INFO [main] org.apache.catalina.core.AprLifecycleListener.lifecycleEvent Capacidades APR: IPv6 [true], enviar fichero [true], aceptar filtros [false], aleatorio [true].
25-Jul-2021 19:26:56.892 INFO [main] org.apache.catalina.core.AprLifecycleListener.lifecycleEvent APR/OpenSSL configuration: useAprConnector [false], useOpenSSL [true]
25-Jul-2021 19:26:57.014 INFO [main] org.apache.catalina.core.AprLifecycleListener.initializeSSL OpenSSL inicializado correctamente [OpenSSL 1.1.1c  28 May 2019]
25-Jul-2021 19:26:57.413 INFO [main] org.apache.coyote.AbstractProtocol.init Inicializando el manejador de protocolo ["http-nio-8081"]

25-Jul-2021 19:26:57.646 INFO [main] org.apache.catalina.startup.Catalina.load Server initialization in [1.229] milliseconds
25-Jul-2021 19:26:57.780 INFO [main] org.apache.catalina.core.StandardService.startInternal Arrancando servicio [Catalina]
25-Jul-2021 19:26:57.780 INFO [main] org.apache.catalina.core.StandardEngine.startInternal Starting Servlet engine: [Apache Tomcat/9.0.34]
25-Jul-2021 19:26:57.797 INFO [main] org.apache.catalina.startup.HostConfig.deployDescriptor Desplieque del descriptor de configuración [C:\Users\Max'\Desktop\carritocompras-master\apache-tomcat-9.0.34\conf\Catalina\localhost\InicioSesion.xml]
25-Jul-2021 19:26:57.847 WARNING [main] org.apache.catalina.startup.HostConfig.deployDescriptor The path attribute with value [/InicioSesion] in deployment descriptor [C:\Users\Max'\Desktop\carritocompras-master\apache-tomcat-9.0.34\conf\Catalina\localhost\InicioSesion.xml] has been ignored
25-Jul-2021 19:26:57.892 WARNING [main] org.apache.catalina.startup.SetContextPropertiesRule.begin [SetContextPropertiesRule]{Context} Setting property 'antiJARLocking' to 'true' did not find a matching property.
25-Jul-2021 19:26:59.368 INFO [main] org.apache.jasper.servlet.TldScanner.scanJars Al menos un JAR, que se ha explorado buscando TLDs, aún no contenía TLDs. Activar historial de depuración para este historiador para una completa lista de los JARs que fueron explorados y de los que nos se halló TLDs. Saltarse JARs no necesarios durante la exploración puede dar lugar a una mejora de tiempo significativa en el arranque y compilación de JSP .
25-Jul-2021 19:26:59.513 WARNING [main] org.apache.catalina.util.SessionIdGeneratorBase.createSecureRandom Creation of SecureRandom instance for session ID generation using [SHA1PRNG] took [106] milliseconds.
25-Jul-2021 19:26:59.582 INFO [main] org.apache.catalina.startup.HostConfig.deployDescriptor Deployment of deployment descriptor [C:\Users\Max'\Desktop\carritocompras-master\apache-tomcat-9.0.34\conf\Catalina\localhost\InicioSesion.xml] has finished in [1.785] ms
25-Jul-2021 19:26:59.583 INFO [main] org.apache.catalina.startup.HostConfig.deployDirectory Desplegando el directorio [C:\Users\Max'\Desktop\carritocompras-master\apache-tomcat-9.0.34\webapps\docs] de la aplicación web
25-Jul-2021 19:26:59.655 INFO [main] org.apache.catalina.startup.HostConfig.deployDirectory Deployment of web application directory [C:\Users\Max'\Desktop\carritocompras-master\apache-tomcat-9.0.34\webapps\docs] has finished in [72] ms
25-Jul-2021 19:26:59.655 INFO [main] org.apache.catalina.startup.HostConfig.deployDirectory Desplegando el directorio [C:\Users\Max'\Desktop\carritocompras-master\apache-tomcat-9.0.34\webapps\examples] de la aplicación web
25-Jul-2021 19:27:01.038 INFO [main] org.apache.catalina.startup.HostConfig.deployDirectory Deployment of web application directory [C:\Users\Max'\Desktop\carritocompras-master\apache-tomcat-9.0.34\webapps\examples] has finished in [1.383] ms
25-Jul-2021 19:27:01.039 INFO [main] org.apache.catalina.startup.HostConfig.deployDirectory Desplegando el directorio [C:\Users\Max'\Desktop\carritocompras-master\apache-tomcat-9.0.34\webapps\host-manager] de la aplicación web
25-Jul-2021 19:27:01.172 INFO [main] org.apache.catalina.startup.HostConfig.deployDirectory Deployment of web application directory [C:\Users\Max'\Desktop\carritocompras-master\apache-tomcat-9.0.34\webapps\host-manager] has finished in [133] ms
25-Jul-2021 19:27:01.173 INFO [main] org.apache.catalina.startup.HostConfig.deployDirectory Desplegando el directorio [C:\Users\Max'\Desktop\carritocompras-master\apache-tomcat-9.0.34\webapps\manager] de la aplicación web
25-Jul-2021 19:27:01.263 INFO [main] org.apache.catalina.startup.HostConfig.deployDirectory Deployment of web application directory [C:\Users\Max'\Desktop\carritocompras-master\apache-tomcat-9.0.34\webapps\manager] has finished in [90] ms
25-Jul-2021 19:27:01.264 INFO [main] org.apache.catalina.startup.HostConfig.deployDirectory Desplegando el directorio [C:\Users\Max'\Desktop\carritocompras-master\apache-tomcat-9.0.34\webapps\ROOT] de la aplicación web
25-Jul-2021 19:27:01.344 INFO [main] org.apache.catalina.startup.HostConfig.deployDirectory Deployment of web application directory [C:\Users\Max'\Desktop\carritocompras-master\apache-tomcat-9.0.34\webapps\ROOT] has finished in [81] ms
25-Jul-2021 19:27:01.356 INFO [main] org.apache.coyote.AbstractProtocol.start Starting ProtocolHandler ["http-nio-8081"]
25-Jul-2021 19:27:01.393 INFO [main] org.apache.catalina.startup.Catalina.start Server startup in [3.746] milliseconds
25-Jul-2021 19:27:08.088 INFO [http-nio-8081-exec-7] org.apache.catalina.startup.HostConfig.undeploy Repliegue (undeploy) de la aplicación web que tiene como trayectoria de contexto [/InicioSesion]
25-Jul-2021 19:27:08.197 INFO [http-nio-8081-exec-10] org.apache.catalina.startup.HostConfig.deployDescriptor Desplieque del descriptor de configuración [C:\Users\Max'\Desktop\carritocompras-master\apache-tomcat-9.0.34\conf\Catalina\localhost\InicioSesion.xml]
25-Jul-2021 19:27:08.198 WARNING [http-nio-8081-exec-10] org.apache.catalina.startup.HostConfig.deployDescriptor The path attribute with value [/InicioSesion] in deployment descriptor [C:\Users\Max'\Desktop\carritocompras-master\apache-tomcat-9.0.34\conf\Catalina\localhost\InicioSesion.xml] has been ignored
25-Jul-2021 19:27:08.204 WARNING [http-nio-8081-exec-10] org.apache.catalina.startup.SetContextPropertiesRule.begin [SetContextPropertiesRule]{Context} Setting property 'antiJARLocking' to 'true' did not find a matching property.
25-Jul-2021 19:27:08.739 INFO [http-nio-8081-exec-10] org.apache.jasper.servlet.TldScanner.scanJars Al menos un JAR, que se ha explorado buscando TLDs, aún no contenía TLDs. Activar historial de depuración para este historiador para una completa lista de los JARs que fueron explorados y de los que nos se halló TLDs. Saltarse JARs no necesarios durante la exploración puede dar lugar a una mejora de tiempo significativa en el arranque y compilación de JSP .
25-Jul-2021 19:27:08.785 INFO [http-nio-8081-exec-10] org.apache.catalina.startup.HostConfig.deployDescriptor Deployment of deployment descriptor [C:\Users\Max'\Desktop\carritocompras-master\apache-tomcat-9.0.34\conf\Catalina\localhost\InicioSesion.xml] has finished in [588] ms
25-Jul-2021 19:27:08.793 INFO [http-nio-8081-exec-6] org.apache.catalina.util.LifecycleBase.start The start() method was called on component [StandardEngine[Catalina].StandardHost[localhost].StandardContext[/InicioSesion]] after start() had already been called. The second call will be ignored.
25-Jul-2021 19:57:22.441 WARNING [http-nio-8081-exec-19] org.apache.catalina.loader.WebappClassLoaderBase.clearReferencesJdbc La aplicación web [InicioSesion] registró el conductor JDBC [com.mysql.cj.jdbc.Driver] pero falló al anular el registro mientras la aplicación web estaba parada. Para prevenir un fallo de memoria, se ha anulado el registro del conductor JDBC por la fuerza.
25-Jul-2021 19:57:22.444 WARNING [http-nio-8081-exec-19] org.apache.catalina.loader.WebappClassLoaderBase.clearReferencesThreads The web application [InicioSesion] appears to have started a thread named [Abandoned connection cleanup thread] but has failed to stop it. This is very likely to create a memory leak. Stack trace of thread:
 java.base@11.0.7/java.lang.Object.wait(Native Method)
 java.base@11.0.7/java.lang.ref.ReferenceQueue.remove(ReferenceQueue.java:155)
 com.mysql.cj.jdbc.AbandonedConnectionCleanupThread.run(AbandonedConnectionCleanupThread.java:70)
 java.base@11.0.7/java.util.concurrent.ThreadPoolExecutor.runWorker(ThreadPoolExecutor.java:1128)
 java.base@11.0.7/java.util.concurrent.ThreadPoolExecutor$Worker.run(ThreadPoolExecutor.java:628)
 java.base@11.0.7/java.lang.Thread.run(Thread.java:834)
25-Jul-2021 19:57:22.680 INFO [Abandoned connection cleanup thread] org.apache.catalina.loader.WebappClassLoaderBase.checkStateForResourceLoading Acceso ilegal: esta instancia de aplicación web ya ha sido parada.  Could not load [].  La eventual traza de pila que sigue ha sido motivada por un error lanzado con motivos de depuración así como para intentar terminar el hilo que motivó el acceso ilegal y no tiene impacto funcional.
	java.lang.IllegalStateException: Acceso ilegal: esta instancia de aplicación web ya ha sido parada.  Could not load [].  La eventual traza de pila que sigue ha sido motivada por un error lanzado con motivos de depuración así como para intentar terminar el hilo que motivó el acceso ilegal y no tiene impacto funcional.
		at org.apache.catalina.loader.WebappClassLoaderBase.checkStateForResourceLoading(WebappClassLoaderBase.java:1385)
		at org.apache.catalina.loader.WebappClassLoaderBase.getResource(WebappClassLoaderBase.java:1038)
		at com.mysql.cj.jdbc.AbandonedConnectionCleanupThread.checkContextClassLoaders(AbandonedConnectionCleanupThread.java:96)
		at com.mysql.cj.jdbc.AbandonedConnectionCleanupThread.run(AbandonedConnectionCleanupThread.java:69)
		at java.base/java.util.concurrent.ThreadPoolExecutor.runWorker(ThreadPoolExecutor.java:1128)
		at java.base/java.util.concurrent.ThreadPoolExecutor$Worker.run(ThreadPoolExecutor.java:628)
		at java.base/java.lang.Thread.run(Thread.java:834)
25-Jul-2021 19:57:22.980 INFO [http-nio-8081-exec-19] org.apache.catalina.startup.HostConfig.undeploy Repliegue (undeploy) de la aplicación web que tiene como trayectoria de contexto [/InicioSesion]
25-Jul-2021 19:57:23.027 INFO [http-nio-8081-exec-14] org.apache.catalina.startup.HostConfig.deployDescriptor Desplieque del descriptor de configuración [C:\Users\Max'\Desktop\carritocompras-master\apache-tomcat-9.0.34\conf\Catalina\localhost\InicioSesion.xml]
25-Jul-2021 19:57:23.029 WARNING [http-nio-8081-exec-14] org.apache.catalina.startup.HostConfig.deployDescriptor The path attribute with value [/InicioSesion] in deployment descriptor [C:\Users\Max'\Desktop\carritocompras-master\apache-tomcat-9.0.34\conf\Catalina\localhost\InicioSesion.xml] has been ignored
25-Jul-2021 19:57:23.041 WARNING [http-nio-8081-exec-14] org.apache.catalina.startup.SetContextPropertiesRule.begin [SetContextPropertiesRule]{Context} Setting property 'antiJARLocking' to 'true' did not find a matching property.
25-Jul-2021 19:57:23.851 INFO [http-nio-8081-exec-14] org.apache.jasper.servlet.TldScanner.scanJars Al menos un JAR, que se ha explorado buscando TLDs, aún no contenía TLDs. Activar historial de depuración para este historiador para una completa lista de los JARs que fueron explorados y de los que nos se halló TLDs. Saltarse JARs no necesarios durante la exploración puede dar lugar a una mejora de tiempo significativa en el arranque y compilación de JSP .
25-Jul-2021 19:57:23.856 INFO [http-nio-8081-exec-14] org.apache.catalina.startup.HostConfig.deployDescriptor Deployment of deployment descriptor [C:\Users\Max'\Desktop\carritocompras-master\apache-tomcat-9.0.34\conf\Catalina\localhost\InicioSesion.xml] has finished in [830] ms
25-Jul-2021 19:57:23.860 INFO [http-nio-8081-exec-15] org.apache.catalina.util.LifecycleBase.start The start() method was called on component [StandardEngine[Catalina].StandardHost[localhost].StandardContext[/InicioSesion]] after start() had already been called. The second call will be ignored.
25-Jul-2021 20:04:18.291 INFO [http-nio-8081-exec-29] org.apache.catalina.startup.HostConfig.undeploy Repliegue (undeploy) de la aplicación web que tiene como trayectoria de contexto [/InicioSesion]
25-Jul-2021 20:04:18.318 INFO [http-nio-8081-exec-28] org.apache.catalina.startup.HostConfig.deployDescriptor Desplieque del descriptor de configuración [C:\Users\Max'\Desktop\carritocompras-master\apache-tomcat-9.0.34\conf\Catalina\localhost\InicioSesion.xml]
25-Jul-2021 20:04:18.319 WARNING [http-nio-8081-exec-28] org.apache.catalina.startup.HostConfig.deployDescriptor The path attribute with value [/InicioSesion] in deployment descriptor [C:\Users\Max'\Desktop\carritocompras-master\apache-tomcat-9.0.34\conf\Catalina\localhost\InicioSesion.xml] has been ignored
25-Jul-2021 20:04:18.324 WARNING [http-nio-8081-exec-28] org.apache.catalina.startup.SetContextPropertiesRule.begin [SetContextPropertiesRule]{Context} Setting property 'antiJARLocking' to 'true' did not find a matching property.
25-Jul-2021 20:04:18.864 INFO [http-nio-8081-exec-28] org.apache.jasper.servlet.TldScanner.scanJars Al menos un JAR, que se ha explorado buscando TLDs, aún no contenía TLDs. Activar historial de depuración para este historiador para una completa lista de los JARs que fueron explorados y de los que nos se halló TLDs. Saltarse JARs no necesarios durante la exploración puede dar lugar a una mejora de tiempo significativa en el arranque y compilación de JSP .
25-Jul-2021 20:04:18.872 INFO [http-nio-8081-exec-28] org.apache.catalina.startup.HostConfig.deployDescriptor Deployment of deployment descriptor [C:\Users\Max'\Desktop\carritocompras-master\apache-tomcat-9.0.34\conf\Catalina\localhost\InicioSesion.xml] has finished in [553] ms
25-Jul-2021 20:04:18.878 INFO [http-nio-8081-exec-22] org.apache.catalina.util.LifecycleBase.start The start() method was called on component [StandardEngine[Catalina].StandardHost[localhost].StandardContext[/InicioSesion]] after start() had already been called. The second call will be ignored.
25-Jul-2021 20:13:45.046 INFO [http-nio-8081-exec-32] org.apache.catalina.startup.HostConfig.undeploy Repliegue (undeploy) de la aplicación web que tiene como trayectoria de contexto [/InicioSesion]
25-Jul-2021 20:13:45.086 INFO [http-nio-8081-exec-37] org.apache.catalina.startup.HostConfig.deployDescriptor Desplieque del descriptor de configuración [C:\Users\Max'\Desktop\carritocompras-master\apache-tomcat-9.0.34\conf\Catalina\localhost\InicioSesion.xml]
25-Jul-2021 20:13:45.087 WARNING [http-nio-8081-exec-37] org.apache.catalina.startup.HostConfig.deployDescriptor The path attribute with value [/InicioSesion] in deployment descriptor [C:\Users\Max'\Desktop\carritocompras-master\apache-tomcat-9.0.34\conf\Catalina\localhost\InicioSesion.xml] has been ignored
25-Jul-2021 20:13:45.093 WARNING [http-nio-8081-exec-37] org.apache.catalina.startup.SetContextPropertiesRule.begin [SetContextPropertiesRule]{Context} Setting property 'antiJARLocking' to 'true' did not find a matching property.
25-Jul-2021 20:13:45.565 INFO [http-nio-8081-exec-37] org.apache.jasper.servlet.TldScanner.scanJars Al menos un JAR, que se ha explorado buscando TLDs, aún no contenía TLDs. Activar historial de depuración para este historiador para una completa lista de los JARs que fueron explorados y de los que nos se halló TLDs. Saltarse JARs no necesarios durante la exploración puede dar lugar a una mejora de tiempo significativa en el arranque y compilación de JSP .
25-Jul-2021 20:13:45.571 INFO [http-nio-8081-exec-37] org.apache.catalina.startup.HostConfig.deployDescriptor Deployment of deployment descriptor [C:\Users\Max'\Desktop\carritocompras-master\apache-tomcat-9.0.34\conf\Catalina\localhost\InicioSesion.xml] has finished in [484] ms
25-Jul-2021 20:13:45.575 INFO [http-nio-8081-exec-34] org.apache.catalina.util.LifecycleBase.start The start() method was called on component [StandardEngine[Catalina].StandardHost[localhost].StandardContext[/InicioSesion]] after start() had already been called. The second call will be ignored.
25-Jul-2021 21:08:57.066 INFO [main] org.apache.catalina.core.StandardServer.await Se ha recibido un comando de apagado a través del puerto de apagado. Parando la instancia del Servidor.
25-Jul-2021 21:08:57.066 INFO [main] org.apache.coyote.AbstractProtocol.pause Pausing ProtocolHandler ["http-nio-8081"]
25-Jul-2021 21:08:57.207 INFO [main] org.apache.catalina.core.StandardService.stopInternal Parando servicio [Catalina]
25-Jul-2021 21:08:57.253 WARNING [main] org.apache.catalina.loader.WebappClassLoaderBase.clearReferencesJdbc La aplicación web [InicioSesion] registró el conductor JDBC [com.mysql.cj.jdbc.Driver] pero falló al anular el registro mientras la aplicación web estaba parada. Para prevenir un fallo de memoria, se ha anulado el registro del conductor JDBC por la fuerza.
25-Jul-2021 21:08:57.253 WARNING [main] org.apache.catalina.loader.WebappClassLoaderBase.clearReferencesThreads The web application [InicioSesion] appears to have started a thread named [Abandoned connection cleanup thread] but has failed to stop it. This is very likely to create a memory leak. Stack trace of thread:
 java.base@11.0.7/java.lang.Object.wait(Native Method)
 java.base@11.0.7/java.lang.ref.ReferenceQueue.remove(ReferenceQueue.java:155)
 com.mysql.cj.jdbc.AbandonedConnectionCleanupThread.run(AbandonedConnectionCleanupThread.java:70)
 java.base@11.0.7/java.util.concurrent.ThreadPoolExecutor.runWorker(ThreadPoolExecutor.java:1128)
 java.base@11.0.7/java.util.concurrent.ThreadPoolExecutor$Worker.run(ThreadPoolExecutor.java:628)
 java.base@11.0.7/java.lang.Thread.run(Thread.java:834)
25-Jul-2021 21:08:57.253 INFO [main] org.apache.coyote.AbstractProtocol.stop Stopping ProtocolHandler ["http-nio-8081"]
25-Jul-2021 21:08:57.269 INFO [main] org.apache.coyote.AbstractProtocol.destroy Destroying ProtocolHandler ["http-nio-8081"]
