24-Jul-2021 16:34:18.433 INFO [main] org.apache.catalina.core.ApplicationContext.log ContextListener: contextInitialized()
24-Jul-2021 16:34:18.433 INFO [main] org.apache.catalina.core.ApplicationContext.log SessionListener: contextInitialized()
24-Jul-2021 16:34:18.436 INFO [main] org.apache.catalina.core.ApplicationContext.log ContextListener: attributeAdded('StockTicker', 'async.Stockticker@5533dc72')
24-Jul-2021 17:31:39.046 SEVERE [http-nio-8081-exec-6] org.apache.catalina.core.StandardWrapperValve.invoke El Servlet.service() para el servlet [jsp] en el contexto con ruta [/InicioSesion] lanzó la excepción [No se puede compilar la clase para JSP: 

Ha tenido lugar un error en la línea: [281] en el archivo jsp: [/cliente/panel.jsp]
ds cannot be resolved to a variable
278:                     <input  class="btn btn-1" type="button" value="BOTICA A";>
279:                     <input  class="btn btn-2" type="button" value="BOTICA B";>
280:                     <%
281:                     if(ds){
282:                     %>   
283:                     <iframe src="https://www.google.com/maps/embed?pb=!1m18!1m12!1m3!1d3899.517313388882!2d-76.939316785168!3d-12.213212048344413!2m3!1f0!2f0!3f0!3m2!1i1024!2i768!4f13.1!3m3!1m2!1s0x9105b95f1c46182f%3A0x31417858e84c6dc6!2sMunicipalidad%20de%20Villa%20El%20Salvador!5e0!3m2!1ses-419!2spe!4v1627162888685!5m2!1ses-419!2spe" width="800" height="600" style="border:0;" allowfullscreen="" loading="lazy"></iframe>
284:                     <%


Stacktrace:] con causa raíz
	org.apache.jasper.JasperException: No se puede compilar la clase para JSP: 

Ha tenido lugar un error en la línea: [281] en el archivo jsp: [/cliente/panel.jsp]
ds cannot be resolved to a variable
278:                     <input  class="btn btn-1" type="button" value="BOTICA A";>
279:                     <input  class="btn btn-2" type="button" value="BOTICA B";>
280:                     <%
281:                     if(ds){
282:                     %>   
283:                     <iframe src="https://www.google.com/maps/embed?pb=!1m18!1m12!1m3!1d3899.517313388882!2d-76.939316785168!3d-12.213212048344413!2m3!1f0!2f0!3f0!3m2!1i1024!2i768!4f13.1!3m3!1m2!1s0x9105b95f1c46182f%3A0x31417858e84c6dc6!2sMunicipalidad%20de%20Villa%20El%20Salvador!5e0!3m2!1ses-419!2spe!4v1627162888685!5m2!1ses-419!2spe" width="800" height="600" style="border:0;" allowfullscreen="" loading="lazy"></iframe>
284:                     <%


Stacktrace:
		at org.apache.jasper.compiler.DefaultErrorHandler.javacError(DefaultErrorHandler.java:103)
		at org.apache.jasper.compiler.ErrorDispatcher.javacError(ErrorDispatcher.java:213)
		at org.apache.jasper.compiler.JDTCompiler.generateClass(JDTCompiler.java:541)
		at org.apache.jasper.compiler.Compiler.compile(Compiler.java:392)
		at org.apache.jasper.compiler.Compiler.compile(Compiler.java:362)
		at org.apache.jasper.compiler.Compiler.compile(Compiler.java:346)
		at org.apache.jasper.JspCompilationContext.compile(JspCompilationContext.java:605)
		at org.apache.jasper.servlet.JspServletWrapper.service(JspServletWrapper.java:400)
		at org.apache.jasper.servlet.JspServlet.serviceJspFile(JspServlet.java:385)
		at org.apache.jasper.servlet.JspServlet.service(JspServlet.java:329)
		at javax.servlet.http.HttpServlet.service(HttpServlet.java:741)
		at org.apache.catalina.core.ApplicationFilterChain.internalDoFilter(ApplicationFilterChain.java:231)
		at org.apache.catalina.core.ApplicationFilterChain.doFilter(ApplicationFilterChain.java:166)
		at org.apache.tomcat.websocket.server.WsFilter.doFilter(WsFilter.java:53)
		at org.apache.catalina.core.ApplicationFilterChain.internalDoFilter(ApplicationFilterChain.java:193)
		at org.apache.catalina.core.ApplicationFilterChain.doFilter(ApplicationFilterChain.java:166)
		at org.apache.catalina.core.StandardWrapperValve.invoke(StandardWrapperValve.java:202)
		at org.apache.catalina.core.StandardContextValve.invoke(StandardContextValve.java:96)
		at org.apache.catalina.authenticator.AuthenticatorBase.invoke(AuthenticatorBase.java:541)
		at org.apache.catalina.core.StandardHostValve.invoke(StandardHostValve.java:139)
		at org.apache.catalina.valves.ErrorReportValve.invoke(ErrorReportValve.java:92)
		at org.apache.catalina.valves.AbstractAccessLogValve.invoke(AbstractAccessLogValve.java:690)
		at org.apache.catalina.core.StandardEngineValve.invoke(StandardEngineValve.java:74)
		at org.apache.catalina.connector.CoyoteAdapter.service(CoyoteAdapter.java:343)
		at org.apache.coyote.http11.Http11Processor.service(Http11Processor.java:373)
		at org.apache.coyote.AbstractProcessorLight.process(AbstractProcessorLight.java:65)
		at org.apache.coyote.AbstractProtocol$ConnectionHandler.process(AbstractProtocol.java:868)
		at org.apache.tomcat.util.net.NioEndpoint$SocketProcessor.doRun(NioEndpoint.java:1590)
		at org.apache.tomcat.util.net.SocketProcessorBase.run(SocketProcessorBase.java:49)
		at java.base/java.util.concurrent.ThreadPoolExecutor.runWorker(ThreadPoolExecutor.java:1128)
		at java.base/java.util.concurrent.ThreadPoolExecutor$Worker.run(ThreadPoolExecutor.java:628)
		at org.apache.tomcat.util.threads.TaskThread$WrappingRunnable.run(TaskThread.java:61)
		at java.base/java.lang.Thread.run(Thread.java:834)
24-Jul-2021 17:31:46.809 SEVERE [http-nio-8081-exec-4] org.apache.catalina.core.StandardWrapperValve.invoke El Servlet.service() para el servlet [jsp] en el contexto con ruta [/InicioSesion] lanzó la excepción [No se puede compilar la clase para JSP: 

Ha tenido lugar un error en la línea: [281] en el archivo jsp: [/cliente/panel.jsp]
Syntax error on token "(", Expression expected after this token
278:                     <input  class="btn btn-1" type="button" value="BOTICA A";>
279:                     <input  class="btn btn-2" type="button" value="BOTICA B";>
280:                     <%
281:                     if(){
282:                     %>   
283:                     <iframe src="https://www.google.com/maps/embed?pb=!1m18!1m12!1m3!1d3899.517313388882!2d-76.939316785168!3d-12.213212048344413!2m3!1f0!2f0!3f0!3m2!1i1024!2i768!4f13.1!3m3!1m2!1s0x9105b95f1c46182f%3A0x31417858e84c6dc6!2sMunicipalidad%20de%20Villa%20El%20Salvador!5e0!3m2!1ses-419!2spe!4v1627162888685!5m2!1ses-419!2spe" width="800" height="600" style="border:0;" allowfullscreen="" loading="lazy"></iframe>
284:                     <%


Stacktrace:] con causa raíz
	org.apache.jasper.JasperException: No se puede compilar la clase para JSP: 

Ha tenido lugar un error en la línea: [281] en el archivo jsp: [/cliente/panel.jsp]
Syntax error on token "(", Expression expected after this token
278:                     <input  class="btn btn-1" type="button" value="BOTICA A";>
279:                     <input  class="btn btn-2" type="button" value="BOTICA B";>
280:                     <%
281:                     if(){
282:                     %>   
283:                     <iframe src="https://www.google.com/maps/embed?pb=!1m18!1m12!1m3!1d3899.517313388882!2d-76.939316785168!3d-12.213212048344413!2m3!1f0!2f0!3f0!3m2!1i1024!2i768!4f13.1!3m3!1m2!1s0x9105b95f1c46182f%3A0x31417858e84c6dc6!2sMunicipalidad%20de%20Villa%20El%20Salvador!5e0!3m2!1ses-419!2spe!4v1627162888685!5m2!1ses-419!2spe" width="800" height="600" style="border:0;" allowfullscreen="" loading="lazy"></iframe>
284:                     <%


Stacktrace:
		at org.apache.jasper.compiler.DefaultErrorHandler.javacError(DefaultErrorHandler.java:103)
		at org.apache.jasper.compiler.ErrorDispatcher.javacError(ErrorDispatcher.java:213)
		at org.apache.jasper.compiler.JDTCompiler.generateClass(JDTCompiler.java:541)
		at org.apache.jasper.compiler.Compiler.compile(Compiler.java:392)
		at org.apache.jasper.compiler.Compiler.compile(Compiler.java:362)
		at org.apache.jasper.compiler.Compiler.compile(Compiler.java:346)
		at org.apache.jasper.JspCompilationContext.compile(JspCompilationContext.java:605)
		at org.apache.jasper.servlet.JspServletWrapper.service(JspServletWrapper.java:400)
		at org.apache.jasper.servlet.JspServlet.serviceJspFile(JspServlet.java:385)
		at org.apache.jasper.servlet.JspServlet.service(JspServlet.java:329)
		at javax.servlet.http.HttpServlet.service(HttpServlet.java:741)
		at org.apache.catalina.core.ApplicationFilterChain.internalDoFilter(ApplicationFilterChain.java:231)
		at org.apache.catalina.core.ApplicationFilterChain.doFilter(ApplicationFilterChain.java:166)
		at org.apache.tomcat.websocket.server.WsFilter.doFilter(WsFilter.java:53)
		at org.apache.catalina.core.ApplicationFilterChain.internalDoFilter(ApplicationFilterChain.java:193)
		at org.apache.catalina.core.ApplicationFilterChain.doFilter(ApplicationFilterChain.java:166)
		at org.apache.catalina.core.StandardWrapperValve.invoke(StandardWrapperValve.java:202)
		at org.apache.catalina.core.StandardContextValve.invoke(StandardContextValve.java:96)
		at org.apache.catalina.authenticator.AuthenticatorBase.invoke(AuthenticatorBase.java:541)
		at org.apache.catalina.core.StandardHostValve.invoke(StandardHostValve.java:139)
		at org.apache.catalina.valves.ErrorReportValve.invoke(ErrorReportValve.java:92)
		at org.apache.catalina.valves.AbstractAccessLogValve.invoke(AbstractAccessLogValve.java:690)
		at org.apache.catalina.core.StandardEngineValve.invoke(StandardEngineValve.java:74)
		at org.apache.catalina.connector.CoyoteAdapter.service(CoyoteAdapter.java:343)
		at org.apache.coyote.http11.Http11Processor.service(Http11Processor.java:373)
		at org.apache.coyote.AbstractProcessorLight.process(AbstractProcessorLight.java:65)
		at org.apache.coyote.AbstractProtocol$ConnectionHandler.process(AbstractProtocol.java:868)
		at org.apache.tomcat.util.net.NioEndpoint$SocketProcessor.doRun(NioEndpoint.java:1590)
		at org.apache.tomcat.util.net.SocketProcessorBase.run(SocketProcessorBase.java:49)
		at java.base/java.util.concurrent.ThreadPoolExecutor.runWorker(ThreadPoolExecutor.java:1128)
		at java.base/java.util.concurrent.ThreadPoolExecutor$Worker.run(ThreadPoolExecutor.java:628)
		at org.apache.tomcat.util.threads.TaskThread$WrappingRunnable.run(TaskThread.java:61)
		at java.base/java.lang.Thread.run(Thread.java:834)
24-Jul-2021 19:07:49.457 INFO [main] org.apache.catalina.core.ApplicationContext.log SessionListener: contextDestroyed()
24-Jul-2021 19:07:49.457 INFO [main] org.apache.catalina.core.ApplicationContext.log ContextListener: contextDestroyed()
